<?xml version="1.0" encoding="UTF-8"?>
<!-- Generated by org.testng.reporters.JUnitXMLReporter -->
<testsuite ignored="4" hostname="NAYSAHP" failures="0" tests="10" name="Test" time="0.059" errors="0" timestamp="2020-10-18T19:49:36 IST">
  <testcase classname="testPackage.ParamData" name="LoginToDemoPortal" time="0.004"/>
  <testcase classname="testPackage.ParamData" name="printURL" time="0.001"/>
  <testcase classname="testPackage.DataProvide" name="LoginwithDifferentUserName" time="0.001"/>
  <testcase classname="testPackage.DataProvide" name="LoginwithDifferentUserName" time="0.002"/>
  <testcase classname="testPackage.DataProvide" name="LoginwithDifferentUserName" time="0.001"/>
  <testcase classname="testPackage.TestNG1" name="dateandTime" time="0.001"/>
  <testcase classname="testPackage.TelevedLogin" name="LaunchandLogin" time="0.001"/>
  <testcase classname="testPackage.TelevedConsultationVideo" name="LoginandgotoAppointmentPage" time="0.003"/>
  <testcase classname="testPackage.TelevedConsultationVideo" name="ChangeDoctoronAppointmentPage" time="0.001"/>
  <testcase classname="testPackage.TelevedConsultationVideo" name="verifyAppointmentPage" time="0.002"/>
  <testcase classname="testPackage.TelevedConsultationVideo" name="AppointmentCanceVideo" time="0.0">
    <ignored/>
  </testcase> <!-- AppointmentCanceVideo -->
  <testcase classname="testPackage.TelevedConsultationVideo" name="AppointmentNextDayVid" time="0.0">
    <ignored/>
  </testcase> <!-- AppointmentNextDayVid -->
  <testcase classname="testPackage.TestNG1" name="show" time="0.0">
    <ignored/>
  </testcase> <!-- show -->
  <testcase classname="testPackage.TelevedConsultationVideo" name="AppointmentVideo" time="0.0">
    <ignored/>
  </testcase> <!-- AppointmentVideo -->
</testsuite> <!-- Test -->
