<?xml version="1.0" encoding="UTF-8"?>
<!-- Generated by org.testng.reporters.JUnitXMLReporter -->
<testsuite ignored="7" hostname="NAYSAHP" failures="0" tests="3" name="Test" time="0.052" errors="0" timestamp="2020-10-18T19:44:52 IST">
  <testcase classname="testPackage.TestNG1" name="dateandTime" time="0.007"/>
  <testcase classname="testPackage.TelevedConsultationVideo" name="AppointmentCanceVideo" time="0.001"/>
  <testcase classname="testPackage.InPersonAppointment" name="CancelInPersonAptmnt" time="0.001"/>
  <testcase classname="testPackage.TelevedConsultationVideo" name="verifyAppointmentPage" time="0.0">
    <ignored/>
  </testcase> <!-- verifyAppointmentPage -->
  <testcase classname="testPackage.TelevedLogin" name="LaunchandLogin" time="0.0">
    <ignored/>
  </testcase> <!-- LaunchandLogin -->
  <testcase classname="testPackage.TelevedConsultationVideo" name="LoginandgotoAppointmentPage" time="0.0">
    <ignored/>
  </testcase> <!-- LoginandgotoAppointmentPage -->
  <testcase classname="testPackage.TelevedConsultationVideo" name="AppointmentNextDayVid" time="0.0">
    <ignored/>
  </testcase> <!-- AppointmentNextDayVid -->
  <testcase classname="testPackage.TestNG1" name="show" time="0.0">
    <ignored/>
  </testcase> <!-- show -->
  <testcase classname="testPackage.TelevedConsultationVideo" name="ChangeDoctoronAppointmentPage" time="0.0">
    <ignored/>
  </testcase> <!-- ChangeDoctoronAppointmentPage -->
  <testcase classname="testPackage.TelevedConsultationVideo" name="AppointmentVideo" time="0.0">
    <ignored/>
  </testcase> <!-- AppointmentVideo -->
</testsuite> <!-- Test -->
